mode: set
github.com/yangchenxing/cangshan/jaml/parser.go:10.65,12.16 2 0
github.com/yangchenxing/cangshan/jaml/parser.go:15.2,15.55 1 0
github.com/yangchenxing/cangshan/jaml/parser.go:12.16,14.3 1 0
github.com/yangchenxing/cangshan/jaml/parser.go:18.81,20.2 1 0
github.com/yangchenxing/cangshan/jaml/parser.go:22.82,24.18 2 0
github.com/yangchenxing/cangshan/jaml/parser.go:35.2,36.33 2 0
github.com/yangchenxing/cangshan/jaml/parser.go:42.2,43.50 2 0
github.com/yangchenxing/cangshan/jaml/parser.go:46.2,46.18 1 0
github.com/yangchenxing/cangshan/jaml/parser.go:24.18,27.13 3 0
github.com/yangchenxing/cangshan/jaml/parser.go:27.13,28.28 1 0
github.com/yangchenxing/cangshan/jaml/parser.go:28.28,29.18 1 0
github.com/yangchenxing/cangshan/jaml/parser.go:29.18,31.6 1 0
github.com/yangchenxing/cangshan/jaml/parser.go:36.33,37.19 1 0
github.com/yangchenxing/cangshan/jaml/parser.go:40.3,40.52 1 0
github.com/yangchenxing/cangshan/jaml/parser.go:37.19,39.4 1 0
github.com/yangchenxing/cangshan/jaml/parser.go:43.50,45.3 1 0
github.com/yangchenxing/cangshan/jaml/parser.go:49.79,51.16 2 0
github.com/yangchenxing/cangshan/jaml/parser.go:54.2,54.40 1 0
github.com/yangchenxing/cangshan/jaml/parser.go:51.16,53.3 1 0
github.com/yangchenxing/cangshan/jaml/parser.go:57.31,59.2 1 0
github.com/yangchenxing/cangshan/jaml/value.go:40.51,41.37 1 0
github.com/yangchenxing/cangshan/jaml/value.go:49.2,50.8 2 0
github.com/yangchenxing/cangshan/jaml/value.go:41.37,42.28 1 0
github.com/yangchenxing/cangshan/jaml/value.go:45.3,45.49 1 0
github.com/yangchenxing/cangshan/jaml/value.go:42.28,43.12 1 0
github.com/yangchenxing/cangshan/jaml/value.go:45.49,47.4 1 0
github.com/yangchenxing/cangshan/jaml/value.go:70.34,71.18 1 0
github.com/yangchenxing/cangshan/jaml/value.go:123.2,123.50 1 0
github.com/yangchenxing/cangshan/jaml/value.go:72.2,73.52 1 0
github.com/yangchenxing/cangshan/jaml/value.go:74.2,75.65 1 0
github.com/yangchenxing/cangshan/jaml/value.go:76.2,77.45 1 0
github.com/yangchenxing/cangshan/jaml/value.go:78.2,79.48 1 0
github.com/yangchenxing/cangshan/jaml/value.go:80.2,83.34 3 0
github.com/yangchenxing/cangshan/jaml/value.go:89.3,90.22 2 0
github.com/yangchenxing/cangshan/jaml/value.go:91.2,94.37 3 0
github.com/yangchenxing/cangshan/jaml/value.go:102.3,103.22 2 0
github.com/yangchenxing/cangshan/jaml/value.go:104.2,108.32 4 0
github.com/yangchenxing/cangshan/jaml/value.go:118.3,119.22 2 0
github.com/yangchenxing/cangshan/jaml/value.go:120.2,121.50 1 0
github.com/yangchenxing/cangshan/jaml/value.go:83.34,84.14 1 0
github.com/yangchenxing/cangshan/jaml/value.go:87.4,87.34 1 0
github.com/yangchenxing/cangshan/jaml/value.go:84.14,86.5 1 0
github.com/yangchenxing/cangshan/jaml/value.go:94.37,95.14 1 0
github.com/yangchenxing/cangshan/jaml/value.go:98.4,100.40 3 0
github.com/yangchenxing/cangshan/jaml/value.go:95.14,97.5 1 0
github.com/yangchenxing/cangshan/jaml/value.go:108.32,109.13 1 0
github.com/yangchenxing/cangshan/jaml/value.go:114.4,116.31 3 0
github.com/yangchenxing/cangshan/jaml/value.go:109.13,111.5 1 0
github.com/yangchenxing/cangshan/jaml/value.go:111.5,113.5 1 0
github.com/yangchenxing/cangshan/jaml/value.go:126.39,127.24 1 0
github.com/yangchenxing/cangshan/jaml/value.go:130.2,130.18 1 0
github.com/yangchenxing/cangshan/jaml/value.go:141.2,141.14 1 0
github.com/yangchenxing/cangshan/jaml/value.go:127.24,129.3 1 0
github.com/yangchenxing/cangshan/jaml/value.go:131.2,132.50 1 0
github.com/yangchenxing/cangshan/jaml/value.go:133.2,134.54 1 0
github.com/yangchenxing/cangshan/jaml/value.go:135.2,136.52 1 0
github.com/yangchenxing/cangshan/jaml/value.go:137.2,138.48 1 0
github.com/yangchenxing/cangshan/jaml/value.go:144.52,146.16 2 0
github.com/yangchenxing/cangshan/jaml/value.go:149.2,149.20 1 0
github.com/yangchenxing/cangshan/jaml/value.go:158.2,159.12 2 0
github.com/yangchenxing/cangshan/jaml/value.go:146.16,148.3 1 0
github.com/yangchenxing/cangshan/jaml/value.go:150.2,152.37 2 0
github.com/yangchenxing/cangshan/jaml/value.go:153.2,154.8 1 0
github.com/yangchenxing/cangshan/jaml/value.go:155.2,156.61 1 0
github.com/yangchenxing/cangshan/jaml/value.go:162.64,164.16 2 0
github.com/yangchenxing/cangshan/jaml/value.go:167.2,167.20 1 0
github.com/yangchenxing/cangshan/jaml/value.go:176.2,176.38 1 0
github.com/yangchenxing/cangshan/jaml/value.go:182.2,183.12 2 0
github.com/yangchenxing/cangshan/jaml/value.go:164.16,166.3 1 0
github.com/yangchenxing/cangshan/jaml/value.go:168.2,170.42 2 0
github.com/yangchenxing/cangshan/jaml/value.go:171.2,172.8 1 0
github.com/yangchenxing/cangshan/jaml/value.go:173.2,174.61 1 0
github.com/yangchenxing/cangshan/jaml/value.go:176.38,177.24 1 0
github.com/yangchenxing/cangshan/jaml/value.go:177.24,180.4 2 0
github.com/yangchenxing/cangshan/jaml/value.go:186.54,187.13 1 0
github.com/yangchenxing/cangshan/jaml/value.go:190.2,192.23 3 0
github.com/yangchenxing/cangshan/jaml/value.go:211.2,211.15 1 0
github.com/yangchenxing/cangshan/jaml/value.go:187.13,189.3 1 0
github.com/yangchenxing/cangshan/jaml/value.go:192.23,193.17 1 0
github.com/yangchenxing/cangshan/jaml/value.go:203.3,204.13 2 0
github.com/yangchenxing/cangshan/jaml/value.go:209.3,209.9 1 0
github.com/yangchenxing/cangshan/jaml/value.go:194.3,196.38 2 0
github.com/yangchenxing/cangshan/jaml/value.go:197.3,198.9 1 0
github.com/yangchenxing/cangshan/jaml/value.go:199.3,201.41 1 0
github.com/yangchenxing/cangshan/jaml/value.go:204.13,208.4 3 0
github.com/yangchenxing/cangshan/jaml/value.go:214.54,216.13 2 0
github.com/yangchenxing/cangshan/jaml/value.go:219.2,222.15 4 0
github.com/yangchenxing/cangshan/jaml/value.go:228.2,228.18 1 0
github.com/yangchenxing/cangshan/jaml/value.go:237.2,238.12 2 0
github.com/yangchenxing/cangshan/jaml/value.go:216.13,218.3 1 0
github.com/yangchenxing/cangshan/jaml/value.go:222.15,223.51 1 0
github.com/yangchenxing/cangshan/jaml/value.go:226.3,226.19 1 0
github.com/yangchenxing/cangshan/jaml/value.go:223.51,225.4 1 0
github.com/yangchenxing/cangshan/jaml/value.go:229.2,231.39 2 0
github.com/yangchenxing/cangshan/jaml/value.go:232.2,233.8 1 0
github.com/yangchenxing/cangshan/jaml/value.go:234.2,235.59 1 0
github.com/yangchenxing/cangshan/jaml/value.go:241.42,242.18 1 0
github.com/yangchenxing/cangshan/jaml/value.go:253.2,254.12 2 0
github.com/yangchenxing/cangshan/jaml/value.go:243.2,244.25 1 0
github.com/yangchenxing/cangshan/jaml/value.go:247.2,249.37 2 0
github.com/yangchenxing/cangshan/jaml/value.go:250.2,251.61 1 0
github.com/yangchenxing/cangshan/jaml/value.go:244.25,246.4 1 0
github.com/yangchenxing/cangshan/jaml/value.go:257.66,258.32 1 0
github.com/yangchenxing/cangshan/jaml/value.go:272.2,272.12 1 0
github.com/yangchenxing/cangshan/jaml/value.go:258.32,259.35 1 0
github.com/yangchenxing/cangshan/jaml/value.go:268.3,268.36 1 0
github.com/yangchenxing/cangshan/jaml/value.go:259.35,261.18 2 0
github.com/yangchenxing/cangshan/jaml/value.go:264.4,264.38 1 0
github.com/yangchenxing/cangshan/jaml/value.go:261.18,263.5 1 0
github.com/yangchenxing/cangshan/jaml/value.go:264.38,266.5 1 0
github.com/yangchenxing/cangshan/jaml/value.go:268.36,270.4 1 0
github.com/yangchenxing/cangshan/jaml/value.go:275.92,276.32 1 0
github.com/yangchenxing/cangshan/jaml/value.go:283.2,283.18 1 0
github.com/yangchenxing/cangshan/jaml/value.go:420.2,420.12 1 0
github.com/yangchenxing/cangshan/jaml/value.go:276.32,277.18 1 0
github.com/yangchenxing/cangshan/jaml/value.go:277.18,278.69 1 0
github.com/yangchenxing/cangshan/jaml/value.go:278.69,280.5 1 0
github.com/yangchenxing/cangshan/jaml/value.go:284.2,285.61 1 0
github.com/yangchenxing/cangshan/jaml/value.go:289.3,289.32 1 0
github.com/yangchenxing/cangshan/jaml/value.go:292.3,292.31 1 0
github.com/yangchenxing/cangshan/jaml/value.go:301.2,302.32 1 0
github.com/yangchenxing/cangshan/jaml/value.go:305.3,305.41 1 0
github.com/yangchenxing/cangshan/jaml/value.go:306.2,307.34 1 0
github.com/yangchenxing/cangshan/jaml/value.go:310.3,310.36 1 0
github.com/yangchenxing/cangshan/jaml/value.go:311.2,312.31 1 0
github.com/yangchenxing/cangshan/jaml/value.go:315.3,315.32 1 0
github.com/yangchenxing/cangshan/jaml/value.go:316.2,317.33 1 0
github.com/yangchenxing/cangshan/jaml/value.go:320.3,320.36 1 0
github.com/yangchenxing/cangshan/jaml/value.go:321.2,322.76 1 0
github.com/yangchenxing/cangshan/jaml/value.go:326.3,326.32 1 0
github.com/yangchenxing/cangshan/jaml/value.go:329.3,329.16 1 0
github.com/yangchenxing/cangshan/jaml/value.go:332.3,332.34 1 0
github.com/yangchenxing/cangshan/jaml/value.go:337.2,338.32 1 0
github.com/yangchenxing/cangshan/jaml/value.go:341.3,341.34 1 0
github.com/yangchenxing/cangshan/jaml/value.go:349.2,350.30 1 0
github.com/yangchenxing/cangshan/jaml/value.go:353.3,353.16 1 0
github.com/yangchenxing/cangshan/jaml/value.go:356.3,358.37 3 0
github.com/yangchenxing/cangshan/jaml/value.go:367.2,368.30 1 0
github.com/yangchenxing/cangshan/jaml/value.go:381.2,382.33 1 0
github.com/yangchenxing/cangshan/jaml/value.go:385.3,386.22 2 0
github.com/yangchenxing/cangshan/jaml/value.go:404.2,405.33 1 0
github.com/yangchenxing/cangshan/jaml/value.go:408.3,409.17 2 0
github.com/yangchenxing/cangshan/jaml/value.go:412.3,412.48 1 0
github.com/yangchenxing/cangshan/jaml/value.go:415.3,416.61 2 0
github.com/yangchenxing/cangshan/jaml/value.go:285.61,287.9 2 0
github.com/yangchenxing/cangshan/jaml/value.go:289.32,291.4 1 0
github.com/yangchenxing/cangshan/jaml/value.go:292.31,293.70 1 0
github.com/yangchenxing/cangshan/jaml/value.go:293.70,295.5 1 0
github.com/yangchenxing/cangshan/jaml/value.go:295.5,297.5 1 0
github.com/yangchenxing/cangshan/jaml/value.go:298.4,300.4 1 0
github.com/yangchenxing/cangshan/jaml/value.go:302.32,304.4 1 0
github.com/yangchenxing/cangshan/jaml/value.go:307.34,309.4 1 0
github.com/yangchenxing/cangshan/jaml/value.go:312.31,314.4 1 0
github.com/yangchenxing/cangshan/jaml/value.go:317.33,319.4 1 0
github.com/yangchenxing/cangshan/jaml/value.go:322.76,324.9 2 0
github.com/yangchenxing/cangshan/jaml/value.go:326.32,328.4 1 0
github.com/yangchenxing/cangshan/jaml/value.go:329.16,331.4 1 0
github.com/yangchenxing/cangshan/jaml/value.go:332.34,333.65 1 0
github.com/yangchenxing/cangshan/jaml/value.go:333.65,335.5 1 0
github.com/yangchenxing/cangshan/jaml/value.go:338.32,340.4 1 0
github.com/yangchenxing/cangshan/jaml/value.go:341.34,342.20 1 0
github.com/yangchenxing/cangshan/jaml/value.go:345.4,345.65 1 0
github.com/yangchenxing/cangshan/jaml/value.go:342.20,343.10 1 0
github.com/yangchenxing/cangshan/jaml/value.go:345.65,347.5 1 0
github.com/yangchenxing/cangshan/jaml/value.go:350.30,352.4 1 0
github.com/yangchenxing/cangshan/jaml/value.go:353.16,355.4 1 0
github.com/yangchenxing/cangshan/jaml/value.go:358.37,359.62 1 0
github.com/yangchenxing/cangshan/jaml/value.go:362.4,362.65 1 0
github.com/yangchenxing/cangshan/jaml/value.go:365.4,365.28 1 0
github.com/yangchenxing/cangshan/jaml/value.go:359.62,361.5 1 0
github.com/yangchenxing/cangshan/jaml/value.go:362.65,364.5 1 0
github.com/yangchenxing/cangshan/jaml/value.go:368.30,373.4 4 0
github.com/yangchenxing/cangshan/jaml/value.go:373.4,374.17 1 0
github.com/yangchenxing/cangshan/jaml/value.go:377.4,377.73 1 0
github.com/yangchenxing/cangshan/jaml/value.go:374.17,376.5 1 0
github.com/yangchenxing/cangshan/jaml/value.go:377.73,379.5 1 0
github.com/yangchenxing/cangshan/jaml/value.go:382.33,384.4 1 0
github.com/yangchenxing/cangshan/jaml/value.go:386.22,387.31 1 0
github.com/yangchenxing/cangshan/jaml/value.go:390.4,390.61 1 0
github.com/yangchenxing/cangshan/jaml/value.go:387.31,389.5 1 0
github.com/yangchenxing/cangshan/jaml/value.go:390.61,392.5 1 0
github.com/yangchenxing/cangshan/jaml/value.go:392.5,394.5 1 0
github.com/yangchenxing/cangshan/jaml/value.go:395.4,396.50 1 0
github.com/yangchenxing/cangshan/jaml/value.go:396.50,397.54 1 0
github.com/yangchenxing/cangshan/jaml/value.go:397.54,398.87 1 0
github.com/yangchenxing/cangshan/jaml/value.go:398.87,400.7 1 0
github.com/yangchenxing/cangshan/jaml/value.go:405.33,407.4 1 0
github.com/yangchenxing/cangshan/jaml/value.go:409.17,411.4 1 0
github.com/yangchenxing/cangshan/jaml/value.go:412.48,414.4 1 0
github.com/yangchenxing/cangshan/jaml/value.go:416.61,418.4 1 0
github.com/yangchenxing/cangshan/jaml/y.go:364.48,365.18 1 0
github.com/yangchenxing/cangshan/jaml/y.go:368.2,369.19 2 0
github.com/yangchenxing/cangshan/jaml/y.go:379.2,380.8 2 0
github.com/yangchenxing/cangshan/jaml/y.go:365.18,367.3 1 0
github.com/yangchenxing/cangshan/jaml/y.go:370.2,372.10 2 0
github.com/yangchenxing/cangshan/jaml/y.go:373.2,374.23 1 0
github.com/yangchenxing/cangshan/jaml/y.go:375.2,377.32 2 0
github.com/yangchenxing/cangshan/jaml/y.go:383.33,384.18 1 0
github.com/yangchenxing/cangshan/jaml/y.go:384.18,386.3 1 0
github.com/yangchenxing/cangshan/jaml/y.go:386.3,388.3 1 0
github.com/yangchenxing/cangshan/jaml/y.go:23.40,25.2 1 0
github.com/yangchenxing/cangshan/jaml/y.go:27.29,29.25 1 0
github.com/yangchenxing/cangshan/jaml/y.go:31.2,31.10 1 0
github.com/yangchenxing/cangshan/jaml/y.go:29.25,29.38 1 0
github.com/yangchenxing/cangshan/jaml/y.go:36.30,37.37 1 0
github.com/yangchenxing/cangshan/jaml/y.go:42.2,42.39 1 0
github.com/yangchenxing/cangshan/jaml/y.go:37.37,38.28 1 0
github.com/yangchenxing/cangshan/jaml/y.go:38.28,40.4 1 0
github.com/yangchenxing/cangshan/jaml/y.go:45.31,46.37 1 0
github.com/yangchenxing/cangshan/jaml/y.go:51.2,51.41 1 0
github.com/yangchenxing/cangshan/jaml/y.go:46.37,47.28 1 0
github.com/yangchenxing/cangshan/jaml/y.go:47.28,49.4 1 0
github.com/yangchenxing/cangshan/jaml/y.go:54.50,57.21 2 0
github.com/yangchenxing/cangshan/jaml/y.go:61.2,61.36 1 0
github.com/yangchenxing/cangshan/jaml/y.go:67.2,74.54 4 0
github.com/yangchenxing/cangshan/jaml/y.go:83.2,83.24 1 0
github.com/yangchenxing/cangshan/jaml/y.go:107.2,107.31 1 0
github.com/yangchenxing/cangshan/jaml/y.go:115.2,115.12 1 0
github.com/yangchenxing/cangshan/jaml/y.go:57.21,59.3 1 0
github.com/yangchenxing/cangshan/jaml/y.go:61.36,62.47 1 0
github.com/yangchenxing/cangshan/jaml/y.go:62.47,64.4 1 0
github.com/yangchenxing/cangshan/jaml/y.go:74.54,75.70 1 0
github.com/yangchenxing/cangshan/jaml/y.go:75.70,76.38 1 0
github.com/yangchenxing/cangshan/jaml/y.go:79.4,79.36 1 0
github.com/yangchenxing/cangshan/jaml/y.go:76.38,78.5 1 0
github.com/yangchenxing/cangshan/jaml/y.go:83.24,85.47 2 0
github.com/yangchenxing/cangshan/jaml/y.go:90.3,90.38 1 0
github.com/yangchenxing/cangshan/jaml/y.go:102.3,102.23 1 0
github.com/yangchenxing/cangshan/jaml/y.go:85.47,87.4 1 0
github.com/yangchenxing/cangshan/jaml/y.go:90.38,92.42 2 0
github.com/yangchenxing/cangshan/jaml/y.go:95.4,95.38 1 0
github.com/yangchenxing/cangshan/jaml/y.go:98.4,98.36 1 0
github.com/yangchenxing/cangshan/jaml/y.go:92.42,93.13 1 0
github.com/yangchenxing/cangshan/jaml/y.go:95.38,97.5 1 0
github.com/yangchenxing/cangshan/jaml/y.go:102.23,104.4 1 0
github.com/yangchenxing/cangshan/jaml/y.go:107.31,108.13 1 0
github.com/yangchenxing/cangshan/jaml/y.go:113.3,113.24 1 0
github.com/yangchenxing/cangshan/jaml/y.go:108.13,110.4 1 0
github.com/yangchenxing/cangshan/jaml/y.go:110.4,112.4 1 0
github.com/yangchenxing/cangshan/jaml/y.go:118.61,121.15 3 0
github.com/yangchenxing/cangshan/jaml/y.go:125.2,125.24 1 0
github.com/yangchenxing/cangshan/jaml/y.go:129.2,129.23 1 0
github.com/yangchenxing/cangshan/jaml/y.go:135.2,135.38 1 0
github.com/yangchenxing/cangshan/jaml/y.go:143.1,144.16 1 0
github.com/yangchenxing/cangshan/jaml/y.go:147.2,147.18 1 0
github.com/yangchenxing/cangshan/jaml/y.go:150.2,150.20 1 0
github.com/yangchenxing/cangshan/jaml/y.go:121.15,123.11 2 0
github.com/yangchenxing/cangshan/jaml/y.go:125.24,127.11 2 0
github.com/yangchenxing/cangshan/jaml/y.go:129.23,130.35 1 0
github.com/yangchenxing/cangshan/jaml/y.go:130.35,132.12 2 0
github.com/yangchenxing/cangshan/jaml/y.go:135.38,137.20 2 0
github.com/yangchenxing/cangshan/jaml/y.go:137.20,139.12 2 0
github.com/yangchenxing/cangshan/jaml/y.go:144.16,146.3 1 0
github.com/yangchenxing/cangshan/jaml/y.go:147.18,149.3 1 0
github.com/yangchenxing/cangshan/jaml/y.go:153.33,155.2 1 0
github.com/yangchenxing/cangshan/jaml/y.go:157.54,170.32 12 0
github.com/yangchenxing/cangshan/jaml/y.go:171.2,171.15 1 0
github.com/yangchenxing/cangshan/jaml/y.go:177.2,178.14 2 0
github.com/yangchenxing/cangshan/jaml/y.go:180.1,188.18 3 0
github.com/yangchenxing/cangshan/jaml/y.go:192.2,193.21 2 0
github.com/yangchenxing/cangshan/jaml/y.go:198.2,203.19 4 0
github.com/yangchenxing/cangshan/jaml/y.go:206.2,206.16 1 0
github.com/yangchenxing/cangshan/jaml/y.go:209.2,210.30 2 0
github.com/yangchenxing/cangshan/jaml/y.go:213.2,214.27 2 0
github.com/yangchenxing/cangshan/jaml/y.go:225.1,228.15 2 0
github.com/yangchenxing/cangshan/jaml/y.go:252.2,252.14 1 0
github.com/yangchenxing/cangshan/jaml/y.go:300.2,300.18 1 0
github.com/yangchenxing/cangshan/jaml/y.go:304.2,311.23 5 0
github.com/yangchenxing/cangshan/jaml/y.go:316.2,323.19 5 0
github.com/yangchenxing/cangshan/jaml/y.go:332.2,332.14 1 0
github.com/yangchenxing/cangshan/jaml/y.go:674.2,674.14 1 0
github.com/yangchenxing/cangshan/jaml/y.go:170.32,170.49 1 0
github.com/yangchenxing/cangshan/jaml/y.go:171.15,176.3 3 0
github.com/yangchenxing/cangshan/jaml/y.go:188.18,190.3 1 0
github.com/yangchenxing/cangshan/jaml/y.go:193.21,197.3 3 0
github.com/yangchenxing/cangshan/jaml/y.go:203.19,204.17 1 0
github.com/yangchenxing/cangshan/jaml/y.go:206.16,208.3 1 0
github.com/yangchenxing/cangshan/jaml/y.go:210.30,211.17 1 0
github.com/yangchenxing/cangshan/jaml/y.go:214.27,219.18 5 0
github.com/yangchenxing/cangshan/jaml/y.go:222.3,222.15 1 0
github.com/yangchenxing/cangshan/jaml/y.go:219.18,221.4 1 0
github.com/yangchenxing/cangshan/jaml/y.go:228.15,229.17 1 0
github.com/yangchenxing/cangshan/jaml/y.go:234.3,235.7 2 0
github.com/yangchenxing/cangshan/jaml/y.go:241.3,241.26 1 0
github.com/yangchenxing/cangshan/jaml/y.go:247.3,248.14 2 0
github.com/yangchenxing/cangshan/jaml/y.go:229.17,231.4 1 0
github.com/yangchenxing/cangshan/jaml/y.go:235.7,236.53 1 0
github.com/yangchenxing/cangshan/jaml/y.go:239.4,239.11 1 0
github.com/yangchenxing/cangshan/jaml/y.go:236.53,237.10 1 0
github.com/yangchenxing/cangshan/jaml/y.go:241.26,243.33 2 0
github.com/yangchenxing/cangshan/jaml/y.go:243.33,244.10 1 0
github.com/yangchenxing/cangshan/jaml/y.go:248.14,249.13 1 0
github.com/yangchenxing/cangshan/jaml/y.go:252.14,254.18 1 0
github.com/yangchenxing/cangshan/jaml/y.go:255.3,258.20 3 0
github.com/yangchenxing/cangshan/jaml/y.go:262.4,262.15 1 0
github.com/yangchenxing/cangshan/jaml/y.go:264.3,268.17 2 0
github.com/yangchenxing/cangshan/jaml/y.go:284.4,284.13 1 0
github.com/yangchenxing/cangshan/jaml/y.go:286.3,287.20 1 0
github.com/yangchenxing/cangshan/jaml/y.go:290.4,290.28 1 0
github.com/yangchenxing/cangshan/jaml/y.go:293.4,295.19 3 0
github.com/yangchenxing/cangshan/jaml/y.go:258.20,261.5 2 0
github.com/yangchenxing/cangshan/jaml/y.go:268.17,270.33 2 0
github.com/yangchenxing/cangshan/jaml/y.go:278.5,278.21 1 0
github.com/yangchenxing/cangshan/jaml/y.go:281.5,281.10 1 0
github.com/yangchenxing/cangshan/jaml/y.go:270.33,272.37 2 0
github.com/yangchenxing/cangshan/jaml/y.go:272.37,273.19 1 0
github.com/yangchenxing/cangshan/jaml/y.go:278.21,280.6 1 0
github.com/yangchenxing/cangshan/jaml/y.go:287.20,289.5 1 0
github.com/yangchenxing/cangshan/jaml/y.go:290.28,291.14 1 0
github.com/yangchenxing/cangshan/jaml/y.go:300.18,302.3 1 0
github.com/yangchenxing/cangshan/jaml/y.go:311.23,315.3 3 0
github.com/yangchenxing/cangshan/jaml/y.go:323.19,325.3 1 0
github.com/yangchenxing/cangshan/jaml/y.go:325.3,327.29 2 0
github.com/yangchenxing/cangshan/jaml/y.go:327.29,329.4 1 0
github.com/yangchenxing/cangshan/jaml/y.go:334.2,337.3 2 0
github.com/yangchenxing/cangshan/jaml/y.go:342.2,345.3 2 0
github.com/yangchenxing/cangshan/jaml/y.go:358.2,361.3 2 0
github.com/yangchenxing/cangshan/jaml/y.go:370.2,373.3 2 0
github.com/yangchenxing/cangshan/jaml/y.go:377.2,380.3 2 0
github.com/yangchenxing/cangshan/jaml/y.go:386.2,389.3 2 0
github.com/yangchenxing/cangshan/jaml/y.go:394.2,397.3 2 0
github.com/yangchenxing/cangshan/jaml/y.go:401.2,404.3 2 0
github.com/yangchenxing/cangshan/jaml/y.go:409.2,412.3 2 0
github.com/yangchenxing/cangshan/jaml/y.go:416.2,419.3 2 0
github.com/yangchenxing/cangshan/jaml/y.go:423.2,426.3 2 0
github.com/yangchenxing/cangshan/jaml/y.go:431.2,434.3 2 0
github.com/yangchenxing/cangshan/jaml/y.go:440.2,443.3 2 0
github.com/yangchenxing/cangshan/jaml/y.go:449.2,452.3 2 0
github.com/yangchenxing/cangshan/jaml/y.go:456.2,459.3 2 0
github.com/yangchenxing/cangshan/jaml/y.go:465.2,468.3 2 0
github.com/yangchenxing/cangshan/jaml/y.go:476.2,479.3 2 0
github.com/yangchenxing/cangshan/jaml/y.go:481.2,484.3 2 0
github.com/yangchenxing/cangshan/jaml/y.go:488.2,491.3 2 0
github.com/yangchenxing/cangshan/jaml/y.go:493.2,496.3 2 0
github.com/yangchenxing/cangshan/jaml/y.go:499.2,502.3 2 0
github.com/yangchenxing/cangshan/jaml/y.go:507.2,510.3 2 0
github.com/yangchenxing/cangshan/jaml/y.go:515.2,518.3 2 0
github.com/yangchenxing/cangshan/jaml/y.go:527.2,530.3 2 0
github.com/yangchenxing/cangshan/jaml/y.go:539.2,542.3 2 0
github.com/yangchenxing/cangshan/jaml/y.go:551.2,554.3 2 0
github.com/yangchenxing/cangshan/jaml/y.go:562.2,565.3 2 0
github.com/yangchenxing/cangshan/jaml/y.go:573.2,576.3 2 0
github.com/yangchenxing/cangshan/jaml/y.go:585.2,588.3 2 0
github.com/yangchenxing/cangshan/jaml/y.go:596.2,599.3 2 0
github.com/yangchenxing/cangshan/jaml/y.go:603.2,606.3 2 0
github.com/yangchenxing/cangshan/jaml/y.go:610.2,613.3 2 0
github.com/yangchenxing/cangshan/jaml/y.go:621.2,624.3 2 0
github.com/yangchenxing/cangshan/jaml/y.go:632.2,635.3 2 0
github.com/yangchenxing/cangshan/jaml/y.go:639.2,642.3 2 0
github.com/yangchenxing/cangshan/jaml/y.go:651.2,654.3 2 0
github.com/yangchenxing/cangshan/jaml/y.go:659.2,662.3 2 0
github.com/yangchenxing/cangshan/jaml/y.go:666.2,669.3 2 0
github.com/yangchenxing/cangshan/jaml/y.go:337.3,341.4 3 0
github.com/yangchenxing/cangshan/jaml/y.go:345.3,351.33 2 0
github.com/yangchenxing/cangshan/jaml/y.go:356.4,356.48 1 0
github.com/yangchenxing/cangshan/jaml/y.go:351.33,353.5 1 0
github.com/yangchenxing/cangshan/jaml/y.go:353.5,355.5 1 0
github.com/yangchenxing/cangshan/jaml/y.go:361.3,363.33 2 0
github.com/yangchenxing/cangshan/jaml/y.go:368.4,368.61 1 0
github.com/yangchenxing/cangshan/jaml/y.go:363.33,365.5 1 0
github.com/yangchenxing/cangshan/jaml/y.go:365.5,367.5 1 0
github.com/yangchenxing/cangshan/jaml/y.go:373.3,376.4 2 0
github.com/yangchenxing/cangshan/jaml/y.go:380.3,385.4 4 0
github.com/yangchenxing/cangshan/jaml/y.go:389.3,393.4 3 0
github.com/yangchenxing/cangshan/jaml/y.go:397.3,400.4 2 0
github.com/yangchenxing/cangshan/jaml/y.go:404.3,408.4 3 0
github.com/yangchenxing/cangshan/jaml/y.go:412.3,415.4 2 0
github.com/yangchenxing/cangshan/jaml/y.go:419.3,422.4 2 0
github.com/yangchenxing/cangshan/jaml/y.go:426.3,430.4 3 0
github.com/yangchenxing/cangshan/jaml/y.go:434.3,439.4 4 0
github.com/yangchenxing/cangshan/jaml/y.go:443.3,448.4 4 0
github.com/yangchenxing/cangshan/jaml/y.go:452.3,455.4 2 0
github.com/yangchenxing/cangshan/jaml/y.go:459.3,464.4 4 0
github.com/yangchenxing/cangshan/jaml/y.go:468.3,475.4 2 0
github.com/yangchenxing/cangshan/jaml/y.go:479.3,480.4 0 0
github.com/yangchenxing/cangshan/jaml/y.go:484.3,487.4 2 0
github.com/yangchenxing/cangshan/jaml/y.go:491.3,492.4 0 0
github.com/yangchenxing/cangshan/jaml/y.go:496.3,498.4 1 0
github.com/yangchenxing/cangshan/jaml/y.go:502.3,506.4 3 0
github.com/yangchenxing/cangshan/jaml/y.go:510.3,514.4 3 0
github.com/yangchenxing/cangshan/jaml/y.go:518.3,526.4 3 0
github.com/yangchenxing/cangshan/jaml/y.go:530.3,538.4 3 0
github.com/yangchenxing/cangshan/jaml/y.go:542.3,550.4 3 0
github.com/yangchenxing/cangshan/jaml/y.go:554.3,561.4 2 0
github.com/yangchenxing/cangshan/jaml/y.go:565.3,572.4 2 0
github.com/yangchenxing/cangshan/jaml/y.go:576.3,584.4 3 0
github.com/yangchenxing/cangshan/jaml/y.go:588.3,595.4 2 0
github.com/yangchenxing/cangshan/jaml/y.go:599.3,602.4 2 0
github.com/yangchenxing/cangshan/jaml/y.go:606.3,609.4 2 0
github.com/yangchenxing/cangshan/jaml/y.go:613.3,620.4 2 0
github.com/yangchenxing/cangshan/jaml/y.go:624.3,631.4 2 0
github.com/yangchenxing/cangshan/jaml/y.go:635.3,638.4 2 0
github.com/yangchenxing/cangshan/jaml/y.go:642.3,650.4 3 0
github.com/yangchenxing/cangshan/jaml/y.go:654.3,658.4 3 0
github.com/yangchenxing/cangshan/jaml/y.go:662.3,665.4 2 0
github.com/yangchenxing/cangshan/jaml/y.go:669.3,672.4 2 0
github.com/yangchenxing/cangshan/jaml/builder.go:18.34,20.63 2 0
github.com/yangchenxing/cangshan/jaml/builder.go:23.2,23.43 1 0
github.com/yangchenxing/cangshan/jaml/builder.go:20.63,22.3 1 0
github.com/yangchenxing/cangshan/jaml/builder.go:23.43,25.3 1 0
github.com/yangchenxing/cangshan/jaml/builder.go:25.3,27.3 1 0
github.com/yangchenxing/cangshan/jaml/builder.go:30.42,31.40 1 0
github.com/yangchenxing/cangshan/jaml/builder.go:34.2,34.12 1 0
github.com/yangchenxing/cangshan/jaml/builder.go:31.40,33.3 1 0
github.com/yangchenxing/cangshan/jaml/builder.go:49.54,56.36 7 0
github.com/yangchenxing/cangshan/jaml/builder.go:70.2,70.33 1 0
github.com/yangchenxing/cangshan/jaml/builder.go:94.2,94.15 1 0
github.com/yangchenxing/cangshan/jaml/builder.go:106.2,106.17 1 0
github.com/yangchenxing/cangshan/jaml/builder.go:56.36,57.40 1 0
github.com/yangchenxing/cangshan/jaml/builder.go:68.3,68.10 1 0
github.com/yangchenxing/cangshan/jaml/builder.go:57.40,58.14 1 0
github.com/yangchenxing/cangshan/jaml/builder.go:58.14,61.5 2 0
github.com/yangchenxing/cangshan/jaml/builder.go:62.4,62.30 1 0
github.com/yangchenxing/cangshan/jaml/builder.go:62.30,63.14 1 0
github.com/yangchenxing/cangshan/jaml/builder.go:63.14,66.5 2 0
github.com/yangchenxing/cangshan/jaml/builder.go:70.33,71.10 1 0
github.com/yangchenxing/cangshan/jaml/builder.go:72.3,73.22 1 0
github.com/yangchenxing/cangshan/jaml/builder.go:76.4,77.66 2 0
github.com/yangchenxing/cangshan/jaml/builder.go:84.4,84.11 1 0
github.com/yangchenxing/cangshan/jaml/builder.go:85.3,86.41 1 0
github.com/yangchenxing/cangshan/jaml/builder.go:73.22,75.5 1 0
github.com/yangchenxing/cangshan/jaml/builder.go:77.66,78.51 1 0
github.com/yangchenxing/cangshan/jaml/builder.go:78.51,82.6 3 0
github.com/yangchenxing/cangshan/jaml/builder.go:86.41,88.5 1 0
github.com/yangchenxing/cangshan/jaml/builder.go:88.5,91.5 2 0
github.com/yangchenxing/cangshan/jaml/builder.go:94.15,96.65 2 0
github.com/yangchenxing/cangshan/jaml/builder.go:104.3,104.66 1 0
github.com/yangchenxing/cangshan/jaml/builder.go:96.65,97.32 1 0
github.com/yangchenxing/cangshan/jaml/builder.go:100.4,102.51 3 0
github.com/yangchenxing/cangshan/jaml/builder.go:97.32,99.5 1 0
github.com/yangchenxing/cangshan/jaml/builder.go:109.92,111.16 2 0
github.com/yangchenxing/cangshan/jaml/builder.go:114.2,114.74 1 0
github.com/yangchenxing/cangshan/jaml/builder.go:117.2,117.17 1 0
github.com/yangchenxing/cangshan/jaml/builder.go:111.16,113.3 1 0
github.com/yangchenxing/cangshan/jaml/builder.go:114.74,116.3 1 0
github.com/yangchenxing/cangshan/jaml/flag.go:13.53,18.2 4 0
github.com/yangchenxing/cangshan/jaml/flag.go:20.50,25.2 4 0
github.com/yangchenxing/cangshan/jaml/flag.go:27.56,32.2 4 0
github.com/yangchenxing/cangshan/jaml/flag.go:34.62,39.2 4 0
github.com/yangchenxing/cangshan/jaml/flag.go:41.59,46.2 4 0
github.com/yangchenxing/cangshan/jaml/flag.go:48.63,53.2 4 0
github.com/yangchenxing/cangshan/jaml/flag.go:55.75,60.2 4 0
github.com/yangchenxing/cangshan/jaml/flag.go:62.52,63.20 1 0
github.com/yangchenxing/cangshan/jaml/flag.go:106.2,106.70 1 0
github.com/yangchenxing/cangshan/jaml/flag.go:64.2,65.27 1 0
github.com/yangchenxing/cangshan/jaml/flag.go:79.2,80.35 1 0
github.com/yangchenxing/cangshan/jaml/flag.go:84.2,85.32 1 0
github.com/yangchenxing/cangshan/jaml/flag.go:89.2,90.34 1 0
github.com/yangchenxing/cangshan/jaml/flag.go:94.2,95.21 1 0
github.com/yangchenxing/cangshan/jaml/flag.go:66.3,68.72 2 0
github.com/yangchenxing/cangshan/jaml/flag.go:71.4,71.14 1 0
github.com/yangchenxing/cangshan/jaml/flag.go:72.3,74.14 2 0
github.com/yangchenxing/cangshan/jaml/flag.go:75.3,77.14 2 0
github.com/yangchenxing/cangshan/jaml/flag.go:68.72,70.5 1 0
github.com/yangchenxing/cangshan/jaml/flag.go:80.35,83.4 2 0
github.com/yangchenxing/cangshan/jaml/flag.go:85.32,88.4 2 0
github.com/yangchenxing/cangshan/jaml/flag.go:90.34,93.4 2 0
github.com/yangchenxing/cangshan/jaml/flag.go:96.3,97.38 1 0
github.com/yangchenxing/cangshan/jaml/flag.go:97.38,99.64 2 0
github.com/yangchenxing/cangshan/jaml/flag.go:102.5,102.15 1 0
github.com/yangchenxing/cangshan/jaml/flag.go:99.64,101.6 1 0
github.com/yangchenxing/cangshan/jaml/lexer.go:57.38,59.2 1 0
github.com/yangchenxing/cangshan/jaml/lexer.go:69.32,70.15 1 0
github.com/yangchenxing/cangshan/jaml/lexer.go:71.2,72.24 1 0
github.com/yangchenxing/cangshan/jaml/lexer.go:73.2,74.19 1 0
github.com/yangchenxing/cangshan/jaml/lexer.go:77.3,77.52 1 0
github.com/yangchenxing/cangshan/jaml/lexer.go:78.2,79.44 1 0
github.com/yangchenxing/cangshan/jaml/lexer.go:80.2,81.44 1 0
github.com/yangchenxing/cangshan/jaml/lexer.go:74.19,76.4 1 0
github.com/yangchenxing/cangshan/jaml/lexer.go:99.57,103.2 3 1
github.com/yangchenxing/cangshan/jaml/lexer.go:105.63,114.2 1 1
github.com/yangchenxing/cangshan/jaml/lexer.go:118.23,119.42 1 1
github.com/yangchenxing/cangshan/jaml/lexer.go:122.2,122.17 1 1
github.com/yangchenxing/cangshan/jaml/lexer.go:119.42,121.3 1 1
github.com/yangchenxing/cangshan/jaml/lexer.go:125.62,126.21 1 1
github.com/yangchenxing/cangshan/jaml/lexer.go:126.21,128.3 1 1
github.com/yangchenxing/cangshan/jaml/lexer.go:173.36,175.19 2 1
github.com/yangchenxing/cangshan/jaml/lexer.go:181.2,181.11 1 1
github.com/yangchenxing/cangshan/jaml/lexer.go:212.2,212.24 1 1
github.com/yangchenxing/cangshan/jaml/lexer.go:215.2,215.36 1 1
github.com/yangchenxing/cangshan/jaml/lexer.go:218.2,219.17 2 1
github.com/yangchenxing/cangshan/jaml/lexer.go:175.19,177.3 1 1
github.com/yangchenxing/cangshan/jaml/lexer.go:177.3,177.23 1 1
github.com/yangchenxing/cangshan/jaml/lexer.go:177.23,180.3 2 1
github.com/yangchenxing/cangshan/jaml/lexer.go:182.2,183.20 1 1
github.com/yangchenxing/cangshan/jaml/lexer.go:184.2,185.21 1 1
github.com/yangchenxing/cangshan/jaml/lexer.go:186.2,187.19 1 1
github.com/yangchenxing/cangshan/jaml/lexer.go:188.2,190.18 2 1
github.com/yangchenxing/cangshan/jaml/lexer.go:191.2,193.18 2 1
github.com/yangchenxing/cangshan/jaml/lexer.go:199.2,200.19 1 1
github.com/yangchenxing/cangshan/jaml/lexer.go:201.2,202.22 1 1
github.com/yangchenxing/cangshan/jaml/lexer.go:203.2,206.18 3 1
github.com/yangchenxing/cangshan/jaml/lexer.go:207.2,210.18 3 1
github.com/yangchenxing/cangshan/jaml/lexer.go:193.18,195.4 1 1
github.com/yangchenxing/cangshan/jaml/lexer.go:195.4,198.4 2 1
github.com/yangchenxing/cangshan/jaml/lexer.go:212.24,214.3 1 1
github.com/yangchenxing/cangshan/jaml/lexer.go:215.36,217.3 1 1
github.com/yangchenxing/cangshan/jaml/lexer.go:222.44,223.18 1 1
github.com/yangchenxing/cangshan/jaml/lexer.go:227.2,227.26 1 1
github.com/yangchenxing/cangshan/jaml/lexer.go:233.2,233.8 1 1
github.com/yangchenxing/cangshan/jaml/lexer.go:223.18,226.3 2 1
github.com/yangchenxing/cangshan/jaml/lexer.go:227.26,229.3 1 1
github.com/yangchenxing/cangshan/jaml/lexer.go:229.3,232.3 2 1
github.com/yangchenxing/cangshan/jaml/lexer.go:236.26,237.21 1 1
github.com/yangchenxing/cangshan/jaml/lexer.go:237.21,239.3 1 1
github.com/yangchenxing/cangshan/jaml/lexer.go:242.26,245.2 2 1
github.com/yangchenxing/cangshan/jaml/lexer.go:247.29,248.22 1 1
github.com/yangchenxing/cangshan/jaml/lexer.go:248.22,256.3 3 1
github.com/yangchenxing/cangshan/jaml/lexer.go:259.34,261.16 2 1
github.com/yangchenxing/cangshan/jaml/lexer.go:264.2,271.12 4 1
github.com/yangchenxing/cangshan/jaml/lexer.go:261.16,263.3 1 1
github.com/yangchenxing/cangshan/jaml/lexer.go:274.43,279.25 2 1
github.com/yangchenxing/cangshan/jaml/lexer.go:285.2,285.17 1 1
github.com/yangchenxing/cangshan/jaml/lexer.go:279.25,282.3 2 1
github.com/yangchenxing/cangshan/jaml/lexer.go:282.3,284.3 1 1
github.com/yangchenxing/cangshan/jaml/lexer.go:288.36,290.42 2 1
github.com/yangchenxing/cangshan/jaml/lexer.go:296.2,298.15 3 1
github.com/yangchenxing/cangshan/jaml/lexer.go:303.2,303.16 1 1
github.com/yangchenxing/cangshan/jaml/lexer.go:306.2,311.35 2 1
github.com/yangchenxing/cangshan/jaml/lexer.go:319.2,320.12 2 1
github.com/yangchenxing/cangshan/jaml/lexer.go:290.42,291.16 1 1
github.com/yangchenxing/cangshan/jaml/lexer.go:291.16,293.9 2 1
github.com/yangchenxing/cangshan/jaml/lexer.go:298.15,300.3 1 1
github.com/yangchenxing/cangshan/jaml/lexer.go:300.3,302.3 1 1
github.com/yangchenxing/cangshan/jaml/lexer.go:303.16,305.3 1 1
github.com/yangchenxing/cangshan/jaml/lexer.go:311.35,312.24 1 1
github.com/yangchenxing/cangshan/jaml/lexer.go:312.24,315.4 2 1
github.com/yangchenxing/cangshan/jaml/lexer.go:315.4,317.4 1 1
github.com/yangchenxing/cangshan/jaml/lexer.go:323.41,331.2 3 1
github.com/yangchenxing/cangshan/jaml/lexer.go:333.37,334.16 1 1
github.com/yangchenxing/cangshan/jaml/lexer.go:338.2,338.16 1 1
github.com/yangchenxing/cangshan/jaml/lexer.go:343.2,343.17 1 1
github.com/yangchenxing/cangshan/jaml/lexer.go:334.16,337.3 2 1
github.com/yangchenxing/cangshan/jaml/lexer.go:338.16,342.3 3 1
github.com/yangchenxing/cangshan/jaml/lexer.go:346.42,352.2 2 1
github.com/yangchenxing/cangshan/jaml/lexer.go:354.38,361.2 2 1
github.com/yangchenxing/cangshan/jaml/lexer.go:363.38,365.19 2 1
github.com/yangchenxing/cangshan/jaml/lexer.go:372.2,372.24 1 1
github.com/yangchenxing/cangshan/jaml/lexer.go:375.2,377.17 3 1
github.com/yangchenxing/cangshan/jaml/lexer.go:365.19,368.3 2 1
github.com/yangchenxing/cangshan/jaml/lexer.go:368.3,368.23 1 1
github.com/yangchenxing/cangshan/jaml/lexer.go:368.23,371.3 2 1
github.com/yangchenxing/cangshan/jaml/lexer.go:372.24,374.3 1 1
github.com/yangchenxing/cangshan/jaml/lexer.go:380.40,382.19 2 1
github.com/yangchenxing/cangshan/jaml/lexer.go:389.2,389.24 1 1
github.com/yangchenxing/cangshan/jaml/lexer.go:392.2,392.14 1 1
github.com/yangchenxing/cangshan/jaml/lexer.go:395.2,397.17 3 1
github.com/yangchenxing/cangshan/jaml/lexer.go:382.19,385.3 2 1
github.com/yangchenxing/cangshan/jaml/lexer.go:385.3,385.23 1 1
github.com/yangchenxing/cangshan/jaml/lexer.go:385.23,388.3 2 1
github.com/yangchenxing/cangshan/jaml/lexer.go:389.24,391.3 1 1
github.com/yangchenxing/cangshan/jaml/lexer.go:392.14,394.3 1 1
github.com/yangchenxing/cangshan/jaml/lexer.go:400.43,402.19 2 1
github.com/yangchenxing/cangshan/jaml/lexer.go:409.2,409.24 1 1
github.com/yangchenxing/cangshan/jaml/lexer.go:412.2,413.12 2 1
github.com/yangchenxing/cangshan/jaml/lexer.go:402.19,405.3 2 1
github.com/yangchenxing/cangshan/jaml/lexer.go:405.3,405.23 1 1
github.com/yangchenxing/cangshan/jaml/lexer.go:405.23,408.3 2 1
github.com/yangchenxing/cangshan/jaml/lexer.go:409.24,411.3 1 1
github.com/yangchenxing/cangshan/jaml/lexer.go:416.38,418.19 2 1
github.com/yangchenxing/cangshan/jaml/lexer.go:425.2,425.24 1 1
github.com/yangchenxing/cangshan/jaml/lexer.go:428.2,430.17 3 1
github.com/yangchenxing/cangshan/jaml/lexer.go:418.19,421.3 2 1
github.com/yangchenxing/cangshan/jaml/lexer.go:421.3,421.23 1 1
github.com/yangchenxing/cangshan/jaml/lexer.go:421.23,424.3 2 1
github.com/yangchenxing/cangshan/jaml/lexer.go:425.24,427.3 1 1
github.com/yangchenxing/cangshan/jaml/lexer.go:433.39,435.19 2 1
github.com/yangchenxing/cangshan/jaml/lexer.go:442.2,442.14 1 1
github.com/yangchenxing/cangshan/jaml/lexer.go:451.2,451.20 1 1
github.com/yangchenxing/cangshan/jaml/lexer.go:435.19,438.3 2 1
github.com/yangchenxing/cangshan/jaml/lexer.go:438.3,438.23 1 1
github.com/yangchenxing/cangshan/jaml/lexer.go:438.23,441.3 2 1
github.com/yangchenxing/cangshan/jaml/lexer.go:442.14,443.40 1 1
github.com/yangchenxing/cangshan/jaml/lexer.go:447.3,447.18 1 1
github.com/yangchenxing/cangshan/jaml/lexer.go:443.40,446.4 2 1
github.com/yangchenxing/cangshan/jaml/lexer.go:448.3,448.22 1 1
github.com/yangchenxing/cangshan/jaml/lexer.go:448.22,450.3 1 1
github.com/yangchenxing/cangshan/jaml/lexer.go:454.43,456.19 2 1
github.com/yangchenxing/cangshan/jaml/lexer.go:463.2,464.38 1 1
github.com/yangchenxing/cangshan/jaml/lexer.go:467.2,468.12 2 1
github.com/yangchenxing/cangshan/jaml/lexer.go:456.19,459.3 2 1
github.com/yangchenxing/cangshan/jaml/lexer.go:459.3,459.23 1 1
github.com/yangchenxing/cangshan/jaml/lexer.go:459.23,462.3 2 1
github.com/yangchenxing/cangshan/jaml/lexer.go:464.38,466.3 1 1
github.com/yangchenxing/cangshan/jaml/lexer.go:471.37,473.19 2 1
github.com/yangchenxing/cangshan/jaml/lexer.go:480.2,480.15 1 1
github.com/yangchenxing/cangshan/jaml/lexer.go:489.2,489.21 1 1
github.com/yangchenxing/cangshan/jaml/lexer.go:473.19,476.3 2 1
github.com/yangchenxing/cangshan/jaml/lexer.go:476.3,476.23 1 1
github.com/yangchenxing/cangshan/jaml/lexer.go:476.23,479.3 2 1
github.com/yangchenxing/cangshan/jaml/lexer.go:480.15,483.3 2 1
github.com/yangchenxing/cangshan/jaml/lexer.go:483.3,483.22 1 1
github.com/yangchenxing/cangshan/jaml/lexer.go:483.22,485.3 1 1
github.com/yangchenxing/cangshan/jaml/lexer.go:485.3,485.35 1 1
github.com/yangchenxing/cangshan/jaml/lexer.go:485.35,488.3 2 1
github.com/yangchenxing/cangshan/jaml/lexer.go:492.43,494.19 2 1
github.com/yangchenxing/cangshan/jaml/lexer.go:501.2,502.38 1 1
github.com/yangchenxing/cangshan/jaml/lexer.go:505.2,506.12 2 1
github.com/yangchenxing/cangshan/jaml/lexer.go:494.19,497.3 2 1
github.com/yangchenxing/cangshan/jaml/lexer.go:497.3,497.23 1 1
github.com/yangchenxing/cangshan/jaml/lexer.go:497.23,500.3 2 1
github.com/yangchenxing/cangshan/jaml/lexer.go:502.38,504.3 1 1
github.com/yangchenxing/cangshan/jaml/lexer.go:509.40,511.19 2 1
github.com/yangchenxing/cangshan/jaml/lexer.go:518.2,518.15 1 1
github.com/yangchenxing/cangshan/jaml/lexer.go:522.2,523.12 2 1
github.com/yangchenxing/cangshan/jaml/lexer.go:511.19,514.3 2 1
github.com/yangchenxing/cangshan/jaml/lexer.go:514.3,514.23 1 1
github.com/yangchenxing/cangshan/jaml/lexer.go:514.23,517.3 2 1
github.com/yangchenxing/cangshan/jaml/lexer.go:518.15,521.3 2 1
github.com/yangchenxing/cangshan/jaml/lexer.go:526.39,528.19 2 1
github.com/yangchenxing/cangshan/jaml/lexer.go:535.2,535.14 1 1
github.com/yangchenxing/cangshan/jaml/lexer.go:538.2,540.17 3 1
github.com/yangchenxing/cangshan/jaml/lexer.go:528.19,531.3 2 1
github.com/yangchenxing/cangshan/jaml/lexer.go:531.3,531.23 1 1
github.com/yangchenxing/cangshan/jaml/lexer.go:531.23,534.3 2 1
github.com/yangchenxing/cangshan/jaml/lexer.go:535.14,537.3 1 1
github.com/yangchenxing/cangshan/jaml/lexer.go:543.37,545.19 2 0
github.com/yangchenxing/cangshan/jaml/lexer.go:552.2,552.24 1 0
github.com/yangchenxing/cangshan/jaml/lexer.go:556.2,556.14 1 0
github.com/yangchenxing/cangshan/jaml/lexer.go:559.2,561.17 3 0
github.com/yangchenxing/cangshan/jaml/lexer.go:545.19,548.3 2 0
github.com/yangchenxing/cangshan/jaml/lexer.go:548.3,548.23 1 0
github.com/yangchenxing/cangshan/jaml/lexer.go:548.23,551.3 2 0
github.com/yangchenxing/cangshan/jaml/lexer.go:552.24,555.3 2 0
github.com/yangchenxing/cangshan/jaml/lexer.go:556.14,558.3 1 0
github.com/yangchenxing/cangshan/jaml/lexer.go:564.36,566.19 2 0
github.com/yangchenxing/cangshan/jaml/lexer.go:573.2,573.24 1 0
github.com/yangchenxing/cangshan/jaml/lexer.go:581.2,583.17 3 0
github.com/yangchenxing/cangshan/jaml/lexer.go:566.19,569.3 2 0
github.com/yangchenxing/cangshan/jaml/lexer.go:569.3,569.23 1 0
github.com/yangchenxing/cangshan/jaml/lexer.go:569.23,572.3 2 0
github.com/yangchenxing/cangshan/jaml/lexer.go:573.24,574.27 1 0
github.com/yangchenxing/cangshan/jaml/lexer.go:574.27,576.4 1 0
github.com/yangchenxing/cangshan/jaml/lexer.go:576.4,579.4 2 0
github.com/yangchenxing/cangshan/jaml/lexer.go:586.42,588.19 2 0
github.com/yangchenxing/cangshan/jaml/lexer.go:596.2,596.72 1 0
github.com/yangchenxing/cangshan/jaml/lexer.go:599.2,601.12 2 0
github.com/yangchenxing/cangshan/jaml/lexer.go:588.19,592.3 2 0
github.com/yangchenxing/cangshan/jaml/lexer.go:592.3,592.23 1 0
github.com/yangchenxing/cangshan/jaml/lexer.go:592.23,595.3 2 0
github.com/yangchenxing/cangshan/jaml/lexer.go:596.72,598.3 1 0
github.com/yangchenxing/cangshan/jaml/lexer.go:604.36,606.19 2 0
github.com/yangchenxing/cangshan/jaml/lexer.go:613.2,613.72 1 0
github.com/yangchenxing/cangshan/jaml/lexer.go:616.2,618.17 3 0
github.com/yangchenxing/cangshan/jaml/lexer.go:606.19,609.3 2 0
github.com/yangchenxing/cangshan/jaml/lexer.go:609.3,609.23 1 0
github.com/yangchenxing/cangshan/jaml/lexer.go:609.23,612.3 2 0
github.com/yangchenxing/cangshan/jaml/lexer.go:613.72,615.3 1 0
github.com/yangchenxing/cangshan/jaml/lexer.go:621.41,623.19 2 0
github.com/yangchenxing/cangshan/jaml/lexer.go:636.2,636.24 1 0
github.com/yangchenxing/cangshan/jaml/lexer.go:639.2,641.14 3 0
github.com/yangchenxing/cangshan/jaml/lexer.go:655.2,657.12 2 0
github.com/yangchenxing/cangshan/jaml/lexer.go:623.19,625.40 2 0
github.com/yangchenxing/cangshan/jaml/lexer.go:629.3,631.13 2 0
github.com/yangchenxing/cangshan/jaml/lexer.go:625.40,628.4 2 0
github.com/yangchenxing/cangshan/jaml/lexer.go:632.3,632.23 1 0
github.com/yangchenxing/cangshan/jaml/lexer.go:632.23,635.3 2 0
github.com/yangchenxing/cangshan/jaml/lexer.go:636.24,638.3 1 0
github.com/yangchenxing/cangshan/jaml/lexer.go:642.2,644.18 2 0
github.com/yangchenxing/cangshan/jaml/lexer.go:645.2,647.18 2 0
github.com/yangchenxing/cangshan/jaml/lexer.go:648.2,650.18 2 0
github.com/yangchenxing/cangshan/jaml/lexer.go:651.2,653.18 2 0
github.com/yangchenxing/cangshan/jaml/lexer.go:660.43,662.19 2 0
github.com/yangchenxing/cangshan/jaml/lexer.go:669.2,669.59 1 0
github.com/yangchenxing/cangshan/jaml/lexer.go:672.2,674.17 3 0
github.com/yangchenxing/cangshan/jaml/lexer.go:662.19,665.3 2 0
github.com/yangchenxing/cangshan/jaml/lexer.go:665.3,665.23 1 0
github.com/yangchenxing/cangshan/jaml/lexer.go:665.23,668.3 2 0
github.com/yangchenxing/cangshan/jaml/lexer.go:669.59,671.3 1 0
